2018-01-20 10:31:53,243 - Log4JLogChute initialized using file 'velocity.log'
2018-01-20 10:31:53,243 - Initializing Velocity, Calling init()...
2018-01-20 10:31:53,243 - Starting Apache Velocity v1.7 (compiled: 2010-11-19 12:14:37)
2018-01-20 10:31:53,243 - Default Properties File: org\apache\velocity\runtime\defaults\velocity.properties
2018-01-20 10:31:53,243 - Trying to use logger class org.apache.velocity.runtime.log.AvalonLogChute
2018-01-20 10:31:53,244 - Target log system for org.apache.velocity.runtime.log.AvalonLogChute is not available (java.lang.NoClassDefFoundError: org/apache/log/format/Formatter).  Falling back to next log system...
2018-01-20 10:31:53,244 - Trying to use logger class org.apache.velocity.runtime.log.Log4JLogChute
2018-01-20 10:31:53,244 - Using logger class org.apache.velocity.runtime.log.Log4JLogChute
2018-01-20 10:31:53,248 - ResourceLoader instantiated: org.apache.velocity.runtime.resource.loader.ClasspathResourceLoader
2018-01-20 10:31:53,259 - ResourceCache: initialized (class org.apache.velocity.runtime.resource.ResourceCacheImpl) with class java.util.Collections$SynchronizedMap cache map.
2018-01-20 10:31:53,261 - Loaded System Directive: org.apache.velocity.runtime.directive.Stop
2018-01-20 10:31:53,262 - Loaded System Directive: org.apache.velocity.runtime.directive.Define
2018-01-20 10:31:53,263 - Loaded System Directive: org.apache.velocity.runtime.directive.Break
2018-01-20 10:31:53,264 - Loaded System Directive: org.apache.velocity.runtime.directive.Evaluate
2018-01-20 10:31:53,266 - Loaded System Directive: org.apache.velocity.runtime.directive.Literal
2018-01-20 10:31:53,268 - Loaded System Directive: org.apache.velocity.runtime.directive.Macro
2018-01-20 10:31:53,271 - Loaded System Directive: org.apache.velocity.runtime.directive.Parse
2018-01-20 10:31:53,273 - Loaded System Directive: org.apache.velocity.runtime.directive.Include
2018-01-20 10:31:53,274 - Loaded System Directive: org.apache.velocity.runtime.directive.Foreach
2018-01-20 10:31:53,299 - Created '20' parsers.
2018-01-20 10:31:53,305 - Velocimacro : "velocimacro.library" is not set.  Trying default library: VM_global_library.vm
2018-01-20 10:31:53,306 - Could not load resource 'VM_global_library.vm' from ResourceLoader org.apache.velocity.runtime.resource.loader.ClasspathResourceLoader: ClasspathResourceLoader Error: cannot find resource VM_global_library.vm
2018-01-20 10:31:53,306 - Velocimacro : Default library not found.
2018-01-20 10:31:53,306 - Velocimacro : allowInline = true : VMs can be defined inline in templates
2018-01-20 10:31:53,306 - Velocimacro : allowInlineToOverride = false : VMs defined inline may NOT replace previous VM definitions
2018-01-20 10:31:53,307 - Velocimacro : allowInlineLocal = false : VMs defined inline will be global in scope if allowed.
2018-01-20 10:31:53,307 - Velocimacro : autoload off : VM system will not automatically reload global library macros
2018-01-20 10:31:53,334 - ResourceManager : found template/Entity.java.vm with loader org.apache.velocity.runtime.resource.loader.ClasspathResourceLoader
2018-01-20 10:31:53,355 - ResourceManager : found template/Dao.java.vm with loader org.apache.velocity.runtime.resource.loader.ClasspathResourceLoader
2018-01-20 10:31:53,380 - ResourceManager : found template/Dao.xml.vm with loader org.apache.velocity.runtime.resource.loader.ClasspathResourceLoader
2018-01-20 10:31:53,381 - Null reference [template 'template/Dao.xml.vm', line 21, column 26] : ${sidx} cannot be resolved.
2018-01-20 10:31:53,381 - Null reference [template 'template/Dao.xml.vm', line 21, column 34] : ${order} cannot be resolved.
2018-01-20 10:31:53,394 - ResourceManager : found template/Service.java.vm with loader org.apache.velocity.runtime.resource.loader.ClasspathResourceLoader
2018-01-20 10:31:53,396 - ResourceManager : unable to find resource 'template/ServiceImpl.java.vm' in any resource loader.
2018-01-20 10:35:14,592 - Log4JLogChute initialized using file 'velocity.log'
2018-01-20 10:35:14,621 - Initializing Velocity, Calling init()...
2018-01-20 10:35:14,621 - Starting Apache Velocity v1.7 (compiled: 2010-11-19 12:14:37)
2018-01-20 10:35:14,621 - Default Properties File: org\apache\velocity\runtime\defaults\velocity.properties
2018-01-20 10:35:14,621 - Trying to use logger class org.apache.velocity.runtime.log.AvalonLogChute
2018-01-20 10:35:14,621 - Target log system for org.apache.velocity.runtime.log.AvalonLogChute is not available (java.lang.NoClassDefFoundError: org/apache/log/format/Formatter).  Falling back to next log system...
2018-01-20 10:35:14,622 - Trying to use logger class org.apache.velocity.runtime.log.Log4JLogChute
2018-01-20 10:35:14,622 - Using logger class org.apache.velocity.runtime.log.Log4JLogChute
2018-01-20 10:35:14,639 - ResourceLoader instantiated: org.apache.velocity.runtime.resource.loader.ClasspathResourceLoader
2018-01-20 10:35:14,650 - ResourceCache: initialized (class org.apache.velocity.runtime.resource.ResourceCacheImpl) with class java.util.Collections$SynchronizedMap cache map.
2018-01-20 10:35:14,652 - Loaded System Directive: org.apache.velocity.runtime.directive.Stop
2018-01-20 10:35:14,653 - Loaded System Directive: org.apache.velocity.runtime.directive.Define
2018-01-20 10:35:14,653 - Loaded System Directive: org.apache.velocity.runtime.directive.Break
2018-01-20 10:35:14,655 - Loaded System Directive: org.apache.velocity.runtime.directive.Evaluate
2018-01-20 10:35:14,656 - Loaded System Directive: org.apache.velocity.runtime.directive.Literal
2018-01-20 10:35:14,658 - Loaded System Directive: org.apache.velocity.runtime.directive.Macro
2018-01-20 10:35:14,660 - Loaded System Directive: org.apache.velocity.runtime.directive.Parse
2018-01-20 10:35:14,662 - Loaded System Directive: org.apache.velocity.runtime.directive.Include
2018-01-20 10:35:14,664 - Loaded System Directive: org.apache.velocity.runtime.directive.Foreach
2018-01-20 10:35:14,700 - Created '20' parsers.
2018-01-20 10:35:14,706 - Velocimacro : "velocimacro.library" is not set.  Trying default library: VM_global_library.vm
2018-01-20 10:35:14,708 - Could not load resource 'VM_global_library.vm' from ResourceLoader org.apache.velocity.runtime.resource.loader.ClasspathResourceLoader: ClasspathResourceLoader Error: cannot find resource VM_global_library.vm
2018-01-20 10:35:14,708 - Velocimacro : Default library not found.
2018-01-20 10:35:14,708 - Velocimacro : allowInline = true : VMs can be defined inline in templates
2018-01-20 10:35:14,708 - Velocimacro : allowInlineToOverride = false : VMs defined inline may NOT replace previous VM definitions
2018-01-20 10:35:14,708 - Velocimacro : allowInlineLocal = false : VMs defined inline will be global in scope if allowed.
2018-01-20 10:35:14,708 - Velocimacro : autoload off : VM system will not automatically reload global library macros
2018-01-20 10:35:14,753 - ResourceManager : found template/Entity.java.vm with loader org.apache.velocity.runtime.resource.loader.ClasspathResourceLoader
2018-01-20 10:35:14,799 - ResourceManager : found template/Dao.java.vm with loader org.apache.velocity.runtime.resource.loader.ClasspathResourceLoader
2018-01-20 10:35:14,821 - ResourceManager : found template/Dao.xml.vm with loader org.apache.velocity.runtime.resource.loader.ClasspathResourceLoader
2018-01-20 10:35:14,822 - Null reference [template 'template/Dao.xml.vm', line 21, column 26] : ${sidx} cannot be resolved.
2018-01-20 10:35:14,822 - Null reference [template 'template/Dao.xml.vm', line 21, column 34] : ${order} cannot be resolved.
2018-01-20 10:35:14,831 - ResourceManager : found template/Service.java.vm with loader org.apache.velocity.runtime.resource.loader.ClasspathResourceLoader
2018-01-20 10:35:14,865 - ResourceManager : found template/Controller.java.vm with loader org.apache.velocity.runtime.resource.loader.ClasspathResourceLoader
2018-01-20 10:35:14,880 - ResourceManager : found template/list.html.vm with loader org.apache.velocity.runtime.resource.loader.ClasspathResourceLoader
2018-01-20 10:35:14,880 - Null reference [template 'template/list.html.vm', line 52, column 14] : ${request.contextPath} cannot be resolved.
2018-01-20 10:35:14,895 - ResourceManager : found template/list.js.vm with loader org.apache.velocity.runtime.resource.loader.ClasspathResourceLoader
2018-01-20 10:35:14,906 - ResourceManager : found template/menu.sql.vm with loader org.apache.velocity.runtime.resource.loader.ClasspathResourceLoader
2018-01-20 10:39:31,842 - ResourceManager : found template/Entity.java.vm with loader org.apache.velocity.runtime.resource.loader.ClasspathResourceLoader
2018-01-20 10:39:31,846 - ResourceManager : found template/Dao.java.vm with loader org.apache.velocity.runtime.resource.loader.ClasspathResourceLoader
2018-01-20 10:39:31,851 - ResourceManager : found template/Dao.xml.vm with loader org.apache.velocity.runtime.resource.loader.ClasspathResourceLoader
2018-01-20 10:39:31,851 - Null reference [template 'template/Dao.xml.vm', line 21, column 26] : ${sidx} cannot be resolved.
2018-01-20 10:39:31,851 - Null reference [template 'template/Dao.xml.vm', line 21, column 34] : ${order} cannot be resolved.
2018-01-20 10:39:31,854 - ResourceManager : found template/Service.java.vm with loader org.apache.velocity.runtime.resource.loader.ClasspathResourceLoader
2018-01-20 10:39:31,856 - ResourceManager : found template/Controller.java.vm with loader org.apache.velocity.runtime.resource.loader.ClasspathResourceLoader
2018-01-20 10:39:31,859 - ResourceManager : found template/list.html.vm with loader org.apache.velocity.runtime.resource.loader.ClasspathResourceLoader
2018-01-20 10:39:31,860 - Null reference [template 'template/list.html.vm', line 52, column 14] : ${request.contextPath} cannot be resolved.
2018-01-20 10:39:31,862 - ResourceManager : found template/list.js.vm with loader org.apache.velocity.runtime.resource.loader.ClasspathResourceLoader
2018-01-20 10:39:31,864 - ResourceManager : found template/menu.sql.vm with loader org.apache.velocity.runtime.resource.loader.ClasspathResourceLoader
2018-01-20 11:09:40,547 - Log4JLogChute initialized using file 'velocity.log'
2018-01-20 11:09:40,564 - Initializing Velocity, Calling init()...
2018-01-20 11:09:40,564 - Starting Apache Velocity v1.7 (compiled: 2010-11-19 12:14:37)
2018-01-20 11:09:40,564 - Default Properties File: org\apache\velocity\runtime\defaults\velocity.properties
2018-01-20 11:09:40,564 - Trying to use logger class org.apache.velocity.runtime.log.AvalonLogChute
2018-01-20 11:09:40,564 - Target log system for org.apache.velocity.runtime.log.AvalonLogChute is not available (java.lang.NoClassDefFoundError: org/apache/log/format/Formatter).  Falling back to next log system...
2018-01-20 11:09:40,565 - Trying to use logger class org.apache.velocity.runtime.log.Log4JLogChute
2018-01-20 11:09:40,565 - Using logger class org.apache.velocity.runtime.log.Log4JLogChute
2018-01-20 11:09:40,569 - ResourceLoader instantiated: org.apache.velocity.runtime.resource.loader.ClasspathResourceLoader
2018-01-20 11:09:40,585 - ResourceCache: initialized (class org.apache.velocity.runtime.resource.ResourceCacheImpl) with class java.util.Collections$SynchronizedMap cache map.
2018-01-20 11:09:40,588 - Loaded System Directive: org.apache.velocity.runtime.directive.Stop
2018-01-20 11:09:40,590 - Loaded System Directive: org.apache.velocity.runtime.directive.Define
2018-01-20 11:09:40,592 - Loaded System Directive: org.apache.velocity.runtime.directive.Break
2018-01-20 11:09:40,593 - Loaded System Directive: org.apache.velocity.runtime.directive.Evaluate
2018-01-20 11:09:40,595 - Loaded System Directive: org.apache.velocity.runtime.directive.Literal
2018-01-20 11:09:40,597 - Loaded System Directive: org.apache.velocity.runtime.directive.Macro
2018-01-20 11:09:40,599 - Loaded System Directive: org.apache.velocity.runtime.directive.Parse
2018-01-20 11:09:40,601 - Loaded System Directive: org.apache.velocity.runtime.directive.Include
2018-01-20 11:09:40,602 - Loaded System Directive: org.apache.velocity.runtime.directive.Foreach
2018-01-20 11:09:40,647 - Created '20' parsers.
2018-01-20 11:09:40,658 - Velocimacro : "velocimacro.library" is not set.  Trying default library: VM_global_library.vm
2018-01-20 11:09:40,660 - Could not load resource 'VM_global_library.vm' from ResourceLoader org.apache.velocity.runtime.resource.loader.ClasspathResourceLoader: ClasspathResourceLoader Error: cannot find resource VM_global_library.vm
2018-01-20 11:09:40,660 - Velocimacro : Default library not found.
2018-01-20 11:09:40,660 - Velocimacro : allowInline = true : VMs can be defined inline in templates
2018-01-20 11:09:40,660 - Velocimacro : allowInlineToOverride = false : VMs defined inline may NOT replace previous VM definitions
2018-01-20 11:09:40,660 - Velocimacro : allowInlineLocal = false : VMs defined inline will be global in scope if allowed.
2018-01-20 11:09:40,660 - Velocimacro : autoload off : VM system will not automatically reload global library macros
2018-01-20 11:09:40,703 - ResourceManager : found template/Entity.java.vm with loader org.apache.velocity.runtime.resource.loader.ClasspathResourceLoader
2018-01-20 11:09:40,755 - ResourceManager : found template/Dao.java.vm with loader org.apache.velocity.runtime.resource.loader.ClasspathResourceLoader
2018-01-20 11:09:40,778 - ResourceManager : found template/Dao.xml.vm with loader org.apache.velocity.runtime.resource.loader.ClasspathResourceLoader
2018-01-20 11:09:40,778 - Null reference [template 'template/Dao.xml.vm', line 21, column 26] : ${sidx} cannot be resolved.
2018-01-20 11:09:40,778 - Null reference [template 'template/Dao.xml.vm', line 21, column 34] : ${order} cannot be resolved.
2018-01-20 11:09:40,789 - ResourceManager : found template/Service.java.vm with loader org.apache.velocity.runtime.resource.loader.ClasspathResourceLoader
2018-01-20 11:09:40,798 - ResourceManager : found template/Controller.java.vm with loader org.apache.velocity.runtime.resource.loader.ClasspathResourceLoader
2018-01-20 11:09:40,811 - ResourceManager : found template/list.html.vm with loader org.apache.velocity.runtime.resource.loader.ClasspathResourceLoader
2018-01-20 11:09:40,812 - Null reference [template 'template/list.html.vm', line 52, column 14] : ${request.contextPath} cannot be resolved.
2018-01-20 11:09:40,816 - ResourceManager : found template/list.js.vm with loader org.apache.velocity.runtime.resource.loader.ClasspathResourceLoader
2018-01-20 11:09:40,828 - ResourceManager : found template/menu.sql.vm with loader org.apache.velocity.runtime.resource.loader.ClasspathResourceLoader
2018-01-20 11:21:43,641 - Log4JLogChute initialized using file 'velocity.log'
2018-01-20 11:21:43,651 - Initializing Velocity, Calling init()...
2018-01-20 11:21:43,651 - Starting Apache Velocity v1.7 (compiled: 2010-11-19 12:14:37)
2018-01-20 11:21:43,651 - Default Properties File: org\apache\velocity\runtime\defaults\velocity.properties
2018-01-20 11:21:43,651 - Trying to use logger class org.apache.velocity.runtime.log.AvalonLogChute
2018-01-20 11:21:43,651 - Target log system for org.apache.velocity.runtime.log.AvalonLogChute is not available (java.lang.NoClassDefFoundError: org/apache/log/format/Formatter).  Falling back to next log system...
2018-01-20 11:21:43,651 - Trying to use logger class org.apache.velocity.runtime.log.Log4JLogChute
2018-01-20 11:21:43,651 - Using logger class org.apache.velocity.runtime.log.Log4JLogChute
2018-01-20 11:21:43,655 - ResourceLoader instantiated: org.apache.velocity.runtime.resource.loader.ClasspathResourceLoader
2018-01-20 11:21:43,665 - ResourceCache: initialized (class org.apache.velocity.runtime.resource.ResourceCacheImpl) with class java.util.Collections$SynchronizedMap cache map.
2018-01-20 11:21:43,667 - Loaded System Directive: org.apache.velocity.runtime.directive.Stop
2018-01-20 11:21:43,668 - Loaded System Directive: org.apache.velocity.runtime.directive.Define
2018-01-20 11:21:43,668 - Loaded System Directive: org.apache.velocity.runtime.directive.Break
2018-01-20 11:21:43,669 - Loaded System Directive: org.apache.velocity.runtime.directive.Evaluate
2018-01-20 11:21:43,670 - Loaded System Directive: org.apache.velocity.runtime.directive.Literal
2018-01-20 11:21:43,671 - Loaded System Directive: org.apache.velocity.runtime.directive.Macro
2018-01-20 11:21:43,678 - Loaded System Directive: org.apache.velocity.runtime.directive.Parse
2018-01-20 11:21:43,680 - Loaded System Directive: org.apache.velocity.runtime.directive.Include
2018-01-20 11:21:43,682 - Loaded System Directive: org.apache.velocity.runtime.directive.Foreach
2018-01-20 11:21:43,715 - Created '20' parsers.
2018-01-20 11:21:43,723 - Velocimacro : "velocimacro.library" is not set.  Trying default library: VM_global_library.vm
2018-01-20 11:21:43,725 - Could not load resource 'VM_global_library.vm' from ResourceLoader org.apache.velocity.runtime.resource.loader.ClasspathResourceLoader: ClasspathResourceLoader Error: cannot find resource VM_global_library.vm
2018-01-20 11:21:43,725 - Velocimacro : Default library not found.
2018-01-20 11:21:43,725 - Velocimacro : allowInline = true : VMs can be defined inline in templates
2018-01-20 11:21:43,725 - Velocimacro : allowInlineToOverride = false : VMs defined inline may NOT replace previous VM definitions
2018-01-20 11:21:43,725 - Velocimacro : allowInlineLocal = false : VMs defined inline will be global in scope if allowed.
2018-01-20 11:21:43,725 - Velocimacro : autoload off : VM system will not automatically reload global library macros
2018-01-20 11:21:43,778 - ResourceManager : found template/Entity.java.vm with loader org.apache.velocity.runtime.resource.loader.ClasspathResourceLoader
2018-01-20 11:21:43,816 - ResourceManager : found template/Dao.java.vm with loader org.apache.velocity.runtime.resource.loader.ClasspathResourceLoader
2018-01-20 11:21:43,838 - ResourceManager : found template/Dao.xml.vm with loader org.apache.velocity.runtime.resource.loader.ClasspathResourceLoader
2018-01-20 11:21:43,840 - Null reference [template 'template/Dao.xml.vm', line 21, column 26] : ${sidx} cannot be resolved.
2018-01-20 11:21:43,840 - Null reference [template 'template/Dao.xml.vm', line 21, column 34] : ${order} cannot be resolved.
2018-01-20 11:21:43,852 - ResourceManager : found template/Service.java.vm with loader org.apache.velocity.runtime.resource.loader.ClasspathResourceLoader
2018-01-20 11:21:43,858 - ResourceManager : found template/Controller.java.vm with loader org.apache.velocity.runtime.resource.loader.ClasspathResourceLoader
2018-01-20 11:21:43,873 - ResourceManager : found template/list.html.vm with loader org.apache.velocity.runtime.resource.loader.ClasspathResourceLoader
2018-01-20 11:21:43,874 - Null reference [template 'template/list.html.vm', line 52, column 14] : ${request.contextPath} cannot be resolved.
2018-01-20 11:21:43,882 - ResourceManager : found template/list.js.vm with loader org.apache.velocity.runtime.resource.loader.ClasspathResourceLoader
2018-01-20 11:21:43,894 - ResourceManager : found template/menu.sql.vm with loader org.apache.velocity.runtime.resource.loader.ClasspathResourceLoader
2018-01-20 11:33:39,273 - Log4JLogChute initialized using file 'velocity.log'
2018-01-20 11:33:39,288 - Initializing Velocity, Calling init()...
2018-01-20 11:33:39,288 - Starting Apache Velocity v1.7 (compiled: 2010-11-19 12:14:37)
2018-01-20 11:33:39,288 - Default Properties File: org\apache\velocity\runtime\defaults\velocity.properties
2018-01-20 11:33:39,288 - Trying to use logger class org.apache.velocity.runtime.log.AvalonLogChute
2018-01-20 11:33:39,288 - Target log system for org.apache.velocity.runtime.log.AvalonLogChute is not available (java.lang.NoClassDefFoundError: org/apache/log/format/Formatter).  Falling back to next log system...
2018-01-20 11:33:39,288 - Trying to use logger class org.apache.velocity.runtime.log.Log4JLogChute
2018-01-20 11:33:39,288 - Using logger class org.apache.velocity.runtime.log.Log4JLogChute
2018-01-20 11:33:39,317 - ResourceLoader instantiated: org.apache.velocity.runtime.resource.loader.ClasspathResourceLoader
2018-01-20 11:33:39,382 - ResourceCache: initialized (class org.apache.velocity.runtime.resource.ResourceCacheImpl) with class java.util.Collections$SynchronizedMap cache map.
2018-01-20 11:33:39,385 - Loaded System Directive: org.apache.velocity.runtime.directive.Stop
2018-01-20 11:33:39,387 - Loaded System Directive: org.apache.velocity.runtime.directive.Define
2018-01-20 11:33:39,388 - Loaded System Directive: org.apache.velocity.runtime.directive.Break
2018-01-20 11:33:39,390 - Loaded System Directive: org.apache.velocity.runtime.directive.Evaluate
2018-01-20 11:33:39,392 - Loaded System Directive: org.apache.velocity.runtime.directive.Literal
2018-01-20 11:33:39,396 - Loaded System Directive: org.apache.velocity.runtime.directive.Macro
2018-01-20 11:33:39,399 - Loaded System Directive: org.apache.velocity.runtime.directive.Parse
2018-01-20 11:33:39,400 - Loaded System Directive: org.apache.velocity.runtime.directive.Include
2018-01-20 11:33:39,401 - Loaded System Directive: org.apache.velocity.runtime.directive.Foreach
2018-01-20 11:33:39,430 - Created '20' parsers.
2018-01-20 11:33:39,436 - Velocimacro : "velocimacro.library" is not set.  Trying default library: VM_global_library.vm
2018-01-20 11:33:39,437 - Could not load resource 'VM_global_library.vm' from ResourceLoader org.apache.velocity.runtime.resource.loader.ClasspathResourceLoader: ClasspathResourceLoader Error: cannot find resource VM_global_library.vm
2018-01-20 11:33:39,437 - Velocimacro : Default library not found.
2018-01-20 11:33:39,437 - Velocimacro : allowInline = true : VMs can be defined inline in templates
2018-01-20 11:33:39,437 - Velocimacro : allowInlineToOverride = false : VMs defined inline may NOT replace previous VM definitions
2018-01-20 11:33:39,437 - Velocimacro : allowInlineLocal = false : VMs defined inline will be global in scope if allowed.
2018-01-20 11:33:39,437 - Velocimacro : autoload off : VM system will not automatically reload global library macros
2018-01-20 11:33:39,494 - ResourceManager : found template/Entity.java.vm with loader org.apache.velocity.runtime.resource.loader.ClasspathResourceLoader
2018-01-20 11:33:39,571 - ResourceManager : found template/Dao.java.vm with loader org.apache.velocity.runtime.resource.loader.ClasspathResourceLoader
2018-01-20 11:33:39,633 - ResourceManager : found template/Dao.xml.vm with loader org.apache.velocity.runtime.resource.loader.ClasspathResourceLoader
2018-01-20 11:33:39,634 - Null reference [template 'template/Dao.xml.vm', line 21, column 26] : ${sidx} cannot be resolved.
2018-01-20 11:33:39,634 - Null reference [template 'template/Dao.xml.vm', line 21, column 34] : ${order} cannot be resolved.
2018-01-20 11:33:39,663 - ResourceManager : found template/Service.java.vm with loader org.apache.velocity.runtime.resource.loader.ClasspathResourceLoader
2018-01-20 11:33:39,689 - ResourceManager : found template/Controller.java.vm with loader org.apache.velocity.runtime.resource.loader.ClasspathResourceLoader
2018-01-20 11:33:39,720 - ResourceManager : found template/list.html.vm with loader org.apache.velocity.runtime.resource.loader.ClasspathResourceLoader
2018-01-20 11:33:39,721 - Null reference [template 'template/list.html.vm', line 52, column 14] : ${request.contextPath} cannot be resolved.
2018-01-20 11:33:39,756 - ResourceManager : found template/list.js.vm with loader org.apache.velocity.runtime.resource.loader.ClasspathResourceLoader
2018-01-20 11:33:39,766 - ResourceManager : found template/menu.sql.vm with loader org.apache.velocity.runtime.resource.loader.ClasspathResourceLoader
2018-01-20 11:45:11,263 - Log4JLogChute initialized using file 'velocity.log'
2018-01-20 11:45:11,269 - Initializing Velocity, Calling init()...
2018-01-20 11:45:11,269 - Starting Apache Velocity v1.7 (compiled: 2010-11-19 12:14:37)
2018-01-20 11:45:11,269 - Default Properties File: org\apache\velocity\runtime\defaults\velocity.properties
2018-01-20 11:45:11,269 - Trying to use logger class org.apache.velocity.runtime.log.AvalonLogChute
2018-01-20 11:45:11,269 - Target log system for org.apache.velocity.runtime.log.AvalonLogChute is not available (java.lang.NoClassDefFoundError: org/apache/log/format/Formatter).  Falling back to next log system...
2018-01-20 11:45:11,269 - Trying to use logger class org.apache.velocity.runtime.log.Log4JLogChute
2018-01-20 11:45:11,269 - Using logger class org.apache.velocity.runtime.log.Log4JLogChute
2018-01-20 11:45:11,279 - ResourceLoader instantiated: org.apache.velocity.runtime.resource.loader.ClasspathResourceLoader
2018-01-20 11:45:11,306 - ResourceCache: initialized (class org.apache.velocity.runtime.resource.ResourceCacheImpl) with class java.util.Collections$SynchronizedMap cache map.
2018-01-20 11:45:11,308 - Loaded System Directive: org.apache.velocity.runtime.directive.Stop
2018-01-20 11:45:11,310 - Loaded System Directive: org.apache.velocity.runtime.directive.Define
2018-01-20 11:45:11,311 - Loaded System Directive: org.apache.velocity.runtime.directive.Break
2018-01-20 11:45:11,313 - Loaded System Directive: org.apache.velocity.runtime.directive.Evaluate
2018-01-20 11:45:11,314 - Loaded System Directive: org.apache.velocity.runtime.directive.Literal
2018-01-20 11:45:11,315 - Loaded System Directive: org.apache.velocity.runtime.directive.Macro
2018-01-20 11:45:11,317 - Loaded System Directive: org.apache.velocity.runtime.directive.Parse
2018-01-20 11:45:11,319 - Loaded System Directive: org.apache.velocity.runtime.directive.Include
2018-01-20 11:45:11,321 - Loaded System Directive: org.apache.velocity.runtime.directive.Foreach
2018-01-20 11:45:11,359 - Created '20' parsers.
2018-01-20 11:45:11,371 - Velocimacro : "velocimacro.library" is not set.  Trying default library: VM_global_library.vm
2018-01-20 11:45:11,373 - Could not load resource 'VM_global_library.vm' from ResourceLoader org.apache.velocity.runtime.resource.loader.ClasspathResourceLoader: ClasspathResourceLoader Error: cannot find resource VM_global_library.vm
2018-01-20 11:45:11,373 - Velocimacro : Default library not found.
2018-01-20 11:45:11,373 - Velocimacro : allowInline = true : VMs can be defined inline in templates
2018-01-20 11:45:11,373 - Velocimacro : allowInlineToOverride = false : VMs defined inline may NOT replace previous VM definitions
2018-01-20 11:45:11,373 - Velocimacro : allowInlineLocal = false : VMs defined inline will be global in scope if allowed.
2018-01-20 11:45:11,373 - Velocimacro : autoload off : VM system will not automatically reload global library macros
2018-01-20 11:45:11,418 - ResourceManager : found template/Entity.java.vm with loader org.apache.velocity.runtime.resource.loader.ClasspathResourceLoader
2018-01-20 11:45:11,444 - ResourceManager : found template/Dao.java.vm with loader org.apache.velocity.runtime.resource.loader.ClasspathResourceLoader
2018-01-20 11:45:11,469 - ResourceManager : found template/Dao.xml.vm with loader org.apache.velocity.runtime.resource.loader.ClasspathResourceLoader
2018-01-20 11:45:11,471 - Null reference [template 'template/Dao.xml.vm', line 21, column 26] : ${sidx} cannot be resolved.
2018-01-20 11:45:11,471 - Null reference [template 'template/Dao.xml.vm', line 21, column 34] : ${order} cannot be resolved.
2018-01-20 11:45:11,496 - ResourceManager : found template/Service.java.vm with loader org.apache.velocity.runtime.resource.loader.ClasspathResourceLoader
2018-01-20 11:45:11,513 - ResourceManager : found template/Controller.java.vm with loader org.apache.velocity.runtime.resource.loader.ClasspathResourceLoader
2018-01-20 11:45:11,537 - ResourceManager : found template/list.html.vm with loader org.apache.velocity.runtime.resource.loader.ClasspathResourceLoader
2018-01-20 11:45:11,538 - Null reference [template 'template/list.html.vm', line 52, column 14] : ${request.contextPath} cannot be resolved.
2018-01-20 11:45:11,546 - ResourceManager : found template/list.js.vm with loader org.apache.velocity.runtime.resource.loader.ClasspathResourceLoader
2018-01-20 11:45:11,557 - ResourceManager : found template/menu.sql.vm with loader org.apache.velocity.runtime.resource.loader.ClasspathResourceLoader
2018-01-20 11:52:54,986 - Log4JLogChute initialized using file 'velocity.log'
2018-01-20 11:52:55,130 - Initializing Velocity, Calling init()...
2018-01-20 11:52:55,131 - Starting Apache Velocity v1.7 (compiled: 2010-11-19 12:14:37)
2018-01-20 11:52:55,131 - Default Properties File: org\apache\velocity\runtime\defaults\velocity.properties
2018-01-20 11:52:55,131 - Trying to use logger class org.apache.velocity.runtime.log.AvalonLogChute
2018-01-20 11:52:55,131 - Target log system for org.apache.velocity.runtime.log.AvalonLogChute is not available (java.lang.NoClassDefFoundError: org/apache/log/format/Formatter).  Falling back to next log system...
2018-01-20 11:52:55,131 - Trying to use logger class org.apache.velocity.runtime.log.Log4JLogChute
2018-01-20 11:52:55,131 - Using logger class org.apache.velocity.runtime.log.Log4JLogChute
2018-01-20 11:52:55,140 - ResourceLoader instantiated: org.apache.velocity.runtime.resource.loader.ClasspathResourceLoader
2018-01-20 11:52:55,165 - ResourceCache: initialized (class org.apache.velocity.runtime.resource.ResourceCacheImpl) with class java.util.Collections$SynchronizedMap cache map.
2018-01-20 11:52:55,177 - Loaded System Directive: org.apache.velocity.runtime.directive.Stop
2018-01-20 11:52:55,180 - Loaded System Directive: org.apache.velocity.runtime.directive.Define
2018-01-20 11:52:55,181 - Loaded System Directive: org.apache.velocity.runtime.directive.Break
2018-01-20 11:52:55,184 - Loaded System Directive: org.apache.velocity.runtime.directive.Evaluate
2018-01-20 11:52:55,185 - Loaded System Directive: org.apache.velocity.runtime.directive.Literal
2018-01-20 11:52:55,189 - Loaded System Directive: org.apache.velocity.runtime.directive.Macro
2018-01-20 11:52:55,191 - Loaded System Directive: org.apache.velocity.runtime.directive.Parse
2018-01-20 11:52:55,193 - Loaded System Directive: org.apache.velocity.runtime.directive.Include
2018-01-20 11:52:55,195 - Loaded System Directive: org.apache.velocity.runtime.directive.Foreach
2018-01-20 11:52:55,239 - Created '20' parsers.
2018-01-20 11:52:55,251 - Velocimacro : "velocimacro.library" is not set.  Trying default library: VM_global_library.vm
2018-01-20 11:52:55,253 - Could not load resource 'VM_global_library.vm' from ResourceLoader org.apache.velocity.runtime.resource.loader.ClasspathResourceLoader: ClasspathResourceLoader Error: cannot find resource VM_global_library.vm
2018-01-20 11:52:55,253 - Velocimacro : Default library not found.
2018-01-20 11:52:55,253 - Velocimacro : allowInline = true : VMs can be defined inline in templates
2018-01-20 11:52:55,253 - Velocimacro : allowInlineToOverride = false : VMs defined inline may NOT replace previous VM definitions
2018-01-20 11:52:55,253 - Velocimacro : allowInlineLocal = false : VMs defined inline will be global in scope if allowed.
2018-01-20 11:52:55,253 - Velocimacro : autoload off : VM system will not automatically reload global library macros
2018-01-20 11:52:55,370 - ResourceManager : found template/Entity.java.vm with loader org.apache.velocity.runtime.resource.loader.ClasspathResourceLoader
2018-01-20 11:52:55,438 - ResourceManager : found template/Dao.java.vm with loader org.apache.velocity.runtime.resource.loader.ClasspathResourceLoader
2018-01-20 11:52:55,458 - ResourceManager : found template/Dao.xml.vm with loader org.apache.velocity.runtime.resource.loader.ClasspathResourceLoader
2018-01-20 11:52:55,459 - Null reference [template 'template/Dao.xml.vm', line 21, column 26] : ${sidx} cannot be resolved.
2018-01-20 11:52:55,459 - Null reference [template 'template/Dao.xml.vm', line 21, column 34] : ${order} cannot be resolved.
2018-01-20 11:52:55,470 - ResourceManager : found template/Service.java.vm with loader org.apache.velocity.runtime.resource.loader.ClasspathResourceLoader
2018-01-20 11:52:55,500 - ResourceManager : found template/Controller.java.vm with loader org.apache.velocity.runtime.resource.loader.ClasspathResourceLoader
2018-01-20 11:52:55,532 - ResourceManager : found template/list.html.vm with loader org.apache.velocity.runtime.resource.loader.ClasspathResourceLoader
2018-01-20 11:52:55,533 - Null reference [template 'template/list.html.vm', line 52, column 14] : ${request.contextPath} cannot be resolved.
2018-01-20 11:52:55,562 - ResourceManager : found template/list.js.vm with loader org.apache.velocity.runtime.resource.loader.ClasspathResourceLoader
2018-01-20 11:52:55,575 - ResourceManager : found template/menu.sql.vm with loader org.apache.velocity.runtime.resource.loader.ClasspathResourceLoader
2018-01-20 12:49:00,133 - Log4JLogChute initialized using file 'velocity.log'
2018-01-20 12:49:00,174 - Initializing Velocity, Calling init()...
2018-01-20 12:49:00,175 - Starting Apache Velocity v1.7 (compiled: 2010-11-19 12:14:37)
2018-01-20 12:49:00,175 - Default Properties File: org\apache\velocity\runtime\defaults\velocity.properties
2018-01-20 12:49:00,175 - Trying to use logger class org.apache.velocity.runtime.log.AvalonLogChute
2018-01-20 12:49:00,175 - Target log system for org.apache.velocity.runtime.log.AvalonLogChute is not available (java.lang.NoClassDefFoundError: org/apache/log/format/Formatter).  Falling back to next log system...
2018-01-20 12:49:00,175 - Trying to use logger class org.apache.velocity.runtime.log.Log4JLogChute
2018-01-20 12:49:00,175 - Using logger class org.apache.velocity.runtime.log.Log4JLogChute
2018-01-20 12:49:00,183 - ResourceLoader instantiated: org.apache.velocity.runtime.resource.loader.ClasspathResourceLoader
2018-01-20 12:49:00,200 - ResourceCache: initialized (class org.apache.velocity.runtime.resource.ResourceCacheImpl) with class java.util.Collections$SynchronizedMap cache map.
2018-01-20 12:49:00,202 - Loaded System Directive: org.apache.velocity.runtime.directive.Stop
2018-01-20 12:49:00,204 - Loaded System Directive: org.apache.velocity.runtime.directive.Define
2018-01-20 12:49:00,205 - Loaded System Directive: org.apache.velocity.runtime.directive.Break
2018-01-20 12:49:00,207 - Loaded System Directive: org.apache.velocity.runtime.directive.Evaluate
2018-01-20 12:49:00,208 - Loaded System Directive: org.apache.velocity.runtime.directive.Literal
2018-01-20 12:49:00,213 - Loaded System Directive: org.apache.velocity.runtime.directive.Macro
2018-01-20 12:49:00,216 - Loaded System Directive: org.apache.velocity.runtime.directive.Parse
2018-01-20 12:49:00,217 - Loaded System Directive: org.apache.velocity.runtime.directive.Include
2018-01-20 12:49:00,219 - Loaded System Directive: org.apache.velocity.runtime.directive.Foreach
2018-01-20 12:49:00,245 - Created '20' parsers.
2018-01-20 12:49:00,252 - Velocimacro : "velocimacro.library" is not set.  Trying default library: VM_global_library.vm
2018-01-20 12:49:00,253 - Could not load resource 'VM_global_library.vm' from ResourceLoader org.apache.velocity.runtime.resource.loader.ClasspathResourceLoader: ClasspathResourceLoader Error: cannot find resource VM_global_library.vm
2018-01-20 12:49:00,253 - Velocimacro : Default library not found.
2018-01-20 12:49:00,253 - Velocimacro : allowInline = true : VMs can be defined inline in templates
2018-01-20 12:49:00,253 - Velocimacro : allowInlineToOverride = false : VMs defined inline may NOT replace previous VM definitions
2018-01-20 12:49:00,253 - Velocimacro : allowInlineLocal = false : VMs defined inline will be global in scope if allowed.
2018-01-20 12:49:00,253 - Velocimacro : autoload off : VM system will not automatically reload global library macros
2018-01-20 12:49:00,303 - ResourceManager : found template/Entity.java.vm with loader org.apache.velocity.runtime.resource.loader.ClasspathResourceLoader
2018-01-20 12:49:00,339 - ResourceManager : found template/Dao.java.vm with loader org.apache.velocity.runtime.resource.loader.ClasspathResourceLoader
2018-01-20 12:49:00,363 - ResourceManager : found template/Dao.xml.vm with loader org.apache.velocity.runtime.resource.loader.ClasspathResourceLoader
2018-01-20 12:49:00,364 - Null reference [template 'template/Dao.xml.vm', line 21, column 26] : ${sidx} cannot be resolved.
2018-01-20 12:49:00,364 - Null reference [template 'template/Dao.xml.vm', line 21, column 34] : ${order} cannot be resolved.
2018-01-20 12:49:00,375 - ResourceManager : found template/Service.java.vm with loader org.apache.velocity.runtime.resource.loader.ClasspathResourceLoader
2018-01-20 12:49:00,389 - ResourceManager : found template/Controller.java.vm with loader org.apache.velocity.runtime.resource.loader.ClasspathResourceLoader
2018-01-20 12:49:00,403 - ResourceManager : found template/list.html.vm with loader org.apache.velocity.runtime.resource.loader.ClasspathResourceLoader
2018-01-20 12:49:00,403 - Null reference [template 'template/list.html.vm', line 52, column 14] : ${request.contextPath} cannot be resolved.
2018-01-20 12:49:00,413 - ResourceManager : found template/list.js.vm with loader org.apache.velocity.runtime.resource.loader.ClasspathResourceLoader
2018-01-20 12:49:00,425 - ResourceManager : found template/menu.sql.vm with loader org.apache.velocity.runtime.resource.loader.ClasspathResourceLoader
2018-01-20 13:56:58,282 - ResourceManager : found template/Entity.java.vm with loader org.apache.velocity.runtime.resource.loader.ClasspathResourceLoader
2018-01-20 13:56:58,288 - ResourceManager : found template/Dao.java.vm with loader org.apache.velocity.runtime.resource.loader.ClasspathResourceLoader
2018-01-20 13:56:58,291 - ResourceManager : found template/Dao.xml.vm with loader org.apache.velocity.runtime.resource.loader.ClasspathResourceLoader
2018-01-20 13:56:58,292 - Null reference [template 'template/Dao.xml.vm', line 21, column 26] : ${sidx} cannot be resolved.
2018-01-20 13:56:58,292 - Null reference [template 'template/Dao.xml.vm', line 21, column 34] : ${order} cannot be resolved.
2018-01-20 13:56:58,294 - ResourceManager : found template/Service.java.vm with loader org.apache.velocity.runtime.resource.loader.ClasspathResourceLoader
2018-01-20 13:56:58,295 - ResourceManager : found template/Controller.java.vm with loader org.apache.velocity.runtime.resource.loader.ClasspathResourceLoader
2018-01-20 13:56:58,298 - ResourceManager : found template/list.html.vm with loader org.apache.velocity.runtime.resource.loader.ClasspathResourceLoader
2018-01-20 13:56:58,299 - Null reference [template 'template/list.html.vm', line 52, column 14] : ${request.contextPath} cannot be resolved.
2018-01-20 13:56:58,302 - ResourceManager : found template/list.js.vm with loader org.apache.velocity.runtime.resource.loader.ClasspathResourceLoader
2018-01-20 13:56:58,304 - ResourceManager : found template/menu.sql.vm with loader org.apache.velocity.runtime.resource.loader.ClasspathResourceLoader
2018-01-20 14:04:57,792 - Log4JLogChute initialized using file 'velocity.log'
2018-01-20 14:04:57,809 - Initializing Velocity, Calling init()...
2018-01-20 14:04:57,809 - Starting Apache Velocity v1.7 (compiled: 2010-11-19 12:14:37)
2018-01-20 14:04:57,809 - Default Properties File: org\apache\velocity\runtime\defaults\velocity.properties
2018-01-20 14:04:57,809 - Trying to use logger class org.apache.velocity.runtime.log.AvalonLogChute
2018-01-20 14:04:57,809 - Target log system for org.apache.velocity.runtime.log.AvalonLogChute is not available (java.lang.NoClassDefFoundError: org/apache/log/format/Formatter).  Falling back to next log system...
2018-01-20 14:04:57,809 - Trying to use logger class org.apache.velocity.runtime.log.Log4JLogChute
2018-01-20 14:04:57,810 - Using logger class org.apache.velocity.runtime.log.Log4JLogChute
2018-01-20 14:04:57,815 - ResourceLoader instantiated: org.apache.velocity.runtime.resource.loader.ClasspathResourceLoader
2018-01-20 14:04:57,829 - ResourceCache: initialized (class org.apache.velocity.runtime.resource.ResourceCacheImpl) with class java.util.Collections$SynchronizedMap cache map.
2018-01-20 14:04:57,831 - Loaded System Directive: org.apache.velocity.runtime.directive.Stop
2018-01-20 14:04:57,833 - Loaded System Directive: org.apache.velocity.runtime.directive.Define
2018-01-20 14:04:57,834 - Loaded System Directive: org.apache.velocity.runtime.directive.Break
2018-01-20 14:04:57,836 - Loaded System Directive: org.apache.velocity.runtime.directive.Evaluate
2018-01-20 14:04:57,837 - Loaded System Directive: org.apache.velocity.runtime.directive.Literal
2018-01-20 14:04:57,840 - Loaded System Directive: org.apache.velocity.runtime.directive.Macro
2018-01-20 14:04:57,842 - Loaded System Directive: org.apache.velocity.runtime.directive.Parse
2018-01-20 14:04:57,844 - Loaded System Directive: org.apache.velocity.runtime.directive.Include
2018-01-20 14:04:57,845 - Loaded System Directive: org.apache.velocity.runtime.directive.Foreach
2018-01-20 14:04:57,892 - Created '20' parsers.
2018-01-20 14:04:57,903 - Velocimacro : "velocimacro.library" is not set.  Trying default library: VM_global_library.vm
2018-01-20 14:04:57,904 - Could not load resource 'VM_global_library.vm' from ResourceLoader org.apache.velocity.runtime.resource.loader.ClasspathResourceLoader: ClasspathResourceLoader Error: cannot find resource VM_global_library.vm
2018-01-20 14:04:57,905 - Velocimacro : Default library not found.
2018-01-20 14:04:57,905 - Velocimacro : allowInline = true : VMs can be defined inline in templates
2018-01-20 14:04:57,905 - Velocimacro : allowInlineToOverride = false : VMs defined inline may NOT replace previous VM definitions
2018-01-20 14:04:57,905 - Velocimacro : allowInlineLocal = false : VMs defined inline will be global in scope if allowed.
2018-01-20 14:04:57,905 - Velocimacro : autoload off : VM system will not automatically reload global library macros
2018-01-20 14:04:57,977 - ResourceManager : found template/Entity.java.vm with loader org.apache.velocity.runtime.resource.loader.ClasspathResourceLoader
2018-01-20 14:04:58,059 - ResourceManager : found template/Dao.java.vm with loader org.apache.velocity.runtime.resource.loader.ClasspathResourceLoader
2018-01-20 14:04:58,082 - ResourceManager : found template/Dao.xml.vm with loader org.apache.velocity.runtime.resource.loader.ClasspathResourceLoader
2018-01-20 14:04:58,083 - Null reference [template 'template/Dao.xml.vm', line 21, column 26] : ${sidx} cannot be resolved.
2018-01-20 14:04:58,083 - Null reference [template 'template/Dao.xml.vm', line 21, column 34] : ${order} cannot be resolved.
2018-01-20 14:04:58,097 - ResourceManager : found template/Service.java.vm with loader org.apache.velocity.runtime.resource.loader.ClasspathResourceLoader
2018-01-20 14:04:58,117 - ResourceManager : found template/Controller.java.vm with loader org.apache.velocity.runtime.resource.loader.ClasspathResourceLoader
2018-01-20 14:04:58,130 - ResourceManager : found template/list.html.vm with loader org.apache.velocity.runtime.resource.loader.ClasspathResourceLoader
2018-01-20 14:04:58,132 - Null reference [template 'template/list.html.vm', line 52, column 14] : ${request.contextPath} cannot be resolved.
2018-01-20 14:04:58,165 - ResourceManager : found template/list.js.vm with loader org.apache.velocity.runtime.resource.loader.ClasspathResourceLoader
2018-01-20 14:04:58,176 - ResourceManager : found template/menu.sql.vm with loader org.apache.velocity.runtime.resource.loader.ClasspathResourceLoader
2018-01-20 14:16:07,883 - Log4JLogChute initialized using file 'velocity.log'
2018-01-20 14:16:07,896 - Initializing Velocity, Calling init()...
2018-01-20 14:16:07,896 - Starting Apache Velocity v1.7 (compiled: 2010-11-19 12:14:37)
2018-01-20 14:16:07,896 - Default Properties File: org\apache\velocity\runtime\defaults\velocity.properties
2018-01-20 14:16:07,897 - Trying to use logger class org.apache.velocity.runtime.log.AvalonLogChute
2018-01-20 14:16:07,897 - Target log system for org.apache.velocity.runtime.log.AvalonLogChute is not available (java.lang.NoClassDefFoundError: org/apache/log/format/Formatter).  Falling back to next log system...
2018-01-20 14:16:07,897 - Trying to use logger class org.apache.velocity.runtime.log.Log4JLogChute
2018-01-20 14:16:07,897 - Using logger class org.apache.velocity.runtime.log.Log4JLogChute
2018-01-20 14:16:07,902 - ResourceLoader instantiated: org.apache.velocity.runtime.resource.loader.ClasspathResourceLoader
2018-01-20 14:16:07,928 - ResourceCache: initialized (class org.apache.velocity.runtime.resource.ResourceCacheImpl) with class java.util.Collections$SynchronizedMap cache map.
2018-01-20 14:16:07,931 - Loaded System Directive: org.apache.velocity.runtime.directive.Stop
2018-01-20 14:16:07,935 - Loaded System Directive: org.apache.velocity.runtime.directive.Define
2018-01-20 14:16:07,938 - Loaded System Directive: org.apache.velocity.runtime.directive.Break
2018-01-20 14:16:07,940 - Loaded System Directive: org.apache.velocity.runtime.directive.Evaluate
2018-01-20 14:16:07,943 - Loaded System Directive: org.apache.velocity.runtime.directive.Literal
2018-01-20 14:16:07,949 - Loaded System Directive: org.apache.velocity.runtime.directive.Macro
2018-01-20 14:16:07,958 - Loaded System Directive: org.apache.velocity.runtime.directive.Parse
2018-01-20 14:16:07,961 - Loaded System Directive: org.apache.velocity.runtime.directive.Include
2018-01-20 14:16:07,964 - Loaded System Directive: org.apache.velocity.runtime.directive.Foreach
2018-01-20 14:16:08,008 - Created '20' parsers.
2018-01-20 14:16:08,021 - Velocimacro : "velocimacro.library" is not set.  Trying default library: VM_global_library.vm
2018-01-20 14:16:08,022 - Could not load resource 'VM_global_library.vm' from ResourceLoader org.apache.velocity.runtime.resource.loader.ClasspathResourceLoader: ClasspathResourceLoader Error: cannot find resource VM_global_library.vm
2018-01-20 14:16:08,023 - Velocimacro : Default library not found.
2018-01-20 14:16:08,023 - Velocimacro : allowInline = true : VMs can be defined inline in templates
2018-01-20 14:16:08,023 - Velocimacro : allowInlineToOverride = false : VMs defined inline may NOT replace previous VM definitions
2018-01-20 14:16:08,023 - Velocimacro : allowInlineLocal = false : VMs defined inline will be global in scope if allowed.
2018-01-20 14:16:08,023 - Velocimacro : autoload off : VM system will not automatically reload global library macros
2018-01-20 14:16:08,105 - ResourceManager : found template/Entity.java.vm with loader org.apache.velocity.runtime.resource.loader.ClasspathResourceLoader
2018-01-20 14:16:08,182 - ResourceManager : found template/Dao.java.vm with loader org.apache.velocity.runtime.resource.loader.ClasspathResourceLoader
2018-01-20 14:16:08,208 - ResourceManager : found template/Dao.xml.vm with loader org.apache.velocity.runtime.resource.loader.ClasspathResourceLoader
2018-01-20 14:16:08,209 - Null reference [template 'template/Dao.xml.vm', line 21, column 26] : ${sidx} cannot be resolved.
2018-01-20 14:16:08,209 - Null reference [template 'template/Dao.xml.vm', line 21, column 34] : ${order} cannot be resolved.
2018-01-20 14:16:08,241 - ResourceManager : found template/Service.java.vm with loader org.apache.velocity.runtime.resource.loader.ClasspathResourceLoader
2018-01-20 14:16:08,261 - ResourceManager : found template/Controller.java.vm with loader org.apache.velocity.runtime.resource.loader.ClasspathResourceLoader
2018-01-20 14:16:08,281 - ResourceManager : found template/list.html.vm with loader org.apache.velocity.runtime.resource.loader.ClasspathResourceLoader
2018-01-20 14:16:08,282 - Null reference [template 'template/list.html.vm', line 52, column 14] : ${request.contextPath} cannot be resolved.
2018-01-20 14:16:08,294 - ResourceManager : found template/list.js.vm with loader org.apache.velocity.runtime.resource.loader.ClasspathResourceLoader
2018-01-20 14:16:08,302 - ResourceManager : found template/menu.sql.vm with loader org.apache.velocity.runtime.resource.loader.ClasspathResourceLoader
2018-01-20 14:19:04,023 - ResourceManager : found template/Entity.java.vm with loader org.apache.velocity.runtime.resource.loader.ClasspathResourceLoader
2018-01-20 14:19:04,026 - ResourceManager : found template/Dao.java.vm with loader org.apache.velocity.runtime.resource.loader.ClasspathResourceLoader
2018-01-20 14:19:04,028 - ResourceManager : found template/Dao.xml.vm with loader org.apache.velocity.runtime.resource.loader.ClasspathResourceLoader
2018-01-20 14:19:04,029 - Null reference [template 'template/Dao.xml.vm', line 21, column 26] : ${sidx} cannot be resolved.
2018-01-20 14:19:04,029 - Null reference [template 'template/Dao.xml.vm', line 21, column 34] : ${order} cannot be resolved.
2018-01-20 14:19:04,030 - ResourceManager : found template/Service.java.vm with loader org.apache.velocity.runtime.resource.loader.ClasspathResourceLoader
2018-01-20 14:19:04,031 - ResourceManager : found template/Controller.java.vm with loader org.apache.velocity.runtime.resource.loader.ClasspathResourceLoader
2018-01-20 14:19:04,039 - ResourceManager : found template/list.html.vm with loader org.apache.velocity.runtime.resource.loader.ClasspathResourceLoader
2018-01-20 14:19:04,039 - Null reference [template 'template/list.html.vm', line 52, column 14] : ${request.contextPath} cannot be resolved.
2018-01-20 14:19:04,053 - ResourceManager : found template/list.js.vm with loader org.apache.velocity.runtime.resource.loader.ClasspathResourceLoader
2018-01-20 14:19:04,055 - ResourceManager : found template/menu.sql.vm with loader org.apache.velocity.runtime.resource.loader.ClasspathResourceLoader
2018-01-20 14:37:29,350 - Log4JLogChute initialized using file 'velocity.log'
2018-01-20 14:37:29,376 - Initializing Velocity, Calling init()...
2018-01-20 14:37:29,376 - Starting Apache Velocity v1.7 (compiled: 2010-11-19 12:14:37)
2018-01-20 14:37:29,376 - Default Properties File: org\apache\velocity\runtime\defaults\velocity.properties
2018-01-20 14:37:29,376 - Trying to use logger class org.apache.velocity.runtime.log.AvalonLogChute
2018-01-20 14:37:29,376 - Target log system for org.apache.velocity.runtime.log.AvalonLogChute is not available (java.lang.NoClassDefFoundError: org/apache/log/format/Formatter).  Falling back to next log system...
2018-01-20 14:37:29,376 - Trying to use logger class org.apache.velocity.runtime.log.Log4JLogChute
2018-01-20 14:37:29,376 - Using logger class org.apache.velocity.runtime.log.Log4JLogChute
2018-01-20 14:37:29,418 - ResourceLoader instantiated: org.apache.velocity.runtime.resource.loader.ClasspathResourceLoader
2018-01-20 14:37:29,464 - ResourceCache: initialized (class org.apache.velocity.runtime.resource.ResourceCacheImpl) with class java.util.Collections$SynchronizedMap cache map.
2018-01-20 14:37:29,466 - Loaded System Directive: org.apache.velocity.runtime.directive.Stop
2018-01-20 14:37:29,467 - Loaded System Directive: org.apache.velocity.runtime.directive.Define
2018-01-20 14:37:29,468 - Loaded System Directive: org.apache.velocity.runtime.directive.Break
2018-01-20 14:37:29,469 - Loaded System Directive: org.apache.velocity.runtime.directive.Evaluate
2018-01-20 14:37:29,469 - Loaded System Directive: org.apache.velocity.runtime.directive.Literal
2018-01-20 14:37:29,470 - Loaded System Directive: org.apache.velocity.runtime.directive.Macro
2018-01-20 14:37:29,472 - Loaded System Directive: org.apache.velocity.runtime.directive.Parse
2018-01-20 14:37:29,473 - Loaded System Directive: org.apache.velocity.runtime.directive.Include
2018-01-20 14:37:29,474 - Loaded System Directive: org.apache.velocity.runtime.directive.Foreach
2018-01-20 14:37:29,521 - Created '20' parsers.
2018-01-20 14:37:29,530 - Velocimacro : "velocimacro.library" is not set.  Trying default library: VM_global_library.vm
2018-01-20 14:37:29,531 - Could not load resource 'VM_global_library.vm' from ResourceLoader org.apache.velocity.runtime.resource.loader.ClasspathResourceLoader: ClasspathResourceLoader Error: cannot find resource VM_global_library.vm
2018-01-20 14:37:29,531 - Velocimacro : Default library not found.
2018-01-20 14:37:29,531 - Velocimacro : allowInline = true : VMs can be defined inline in templates
2018-01-20 14:37:29,531 - Velocimacro : allowInlineToOverride = false : VMs defined inline may NOT replace previous VM definitions
2018-01-20 14:37:29,531 - Velocimacro : allowInlineLocal = false : VMs defined inline will be global in scope if allowed.
2018-01-20 14:37:29,531 - Velocimacro : autoload off : VM system will not automatically reload global library macros
2018-01-20 14:37:29,584 - ResourceManager : found template/Entity.java.vm with loader org.apache.velocity.runtime.resource.loader.ClasspathResourceLoader
2018-01-20 14:37:29,631 - ResourceManager : found template/Dao.java.vm with loader org.apache.velocity.runtime.resource.loader.ClasspathResourceLoader
2018-01-20 14:37:29,666 - ResourceManager : found template/Dao.xml.vm with loader org.apache.velocity.runtime.resource.loader.ClasspathResourceLoader
2018-01-20 14:37:29,667 - Null reference [template 'template/Dao.xml.vm', line 21, column 26] : ${sidx} cannot be resolved.
2018-01-20 14:37:29,667 - Null reference [template 'template/Dao.xml.vm', line 21, column 34] : ${order} cannot be resolved.
2018-01-20 14:37:29,681 - ResourceManager : found template/Service.java.vm with loader org.apache.velocity.runtime.resource.loader.ClasspathResourceLoader
2018-01-20 14:37:29,708 - ResourceManager : found template/Controller.java.vm with loader org.apache.velocity.runtime.resource.loader.ClasspathResourceLoader
2018-01-20 14:37:29,715 - ResourceManager : found template/list.html.vm with loader org.apache.velocity.runtime.resource.loader.ClasspathResourceLoader
2018-01-20 14:37:29,716 - Null reference [template 'template/list.html.vm', line 52, column 14] : ${request.contextPath} cannot be resolved.
2018-01-20 14:37:29,745 - ResourceManager : found template/list.js.vm with loader org.apache.velocity.runtime.resource.loader.ClasspathResourceLoader
2018-01-20 14:37:29,777 - ResourceManager : found template/menu.sql.vm with loader org.apache.velocity.runtime.resource.loader.ClasspathResourceLoader
2018-01-20 14:47:22,722 - Log4JLogChute initialized using file 'velocity.log'
2018-01-20 14:47:22,722 - Initializing Velocity, Calling init()...
2018-01-20 14:47:22,722 - Starting Apache Velocity v1.7 (compiled: 2010-11-19 12:14:37)
2018-01-20 14:47:22,722 - Default Properties File: org\apache\velocity\runtime\defaults\velocity.properties
2018-01-20 14:47:22,722 - Trying to use logger class org.apache.velocity.runtime.log.AvalonLogChute
2018-01-20 14:47:22,722 - Target log system for org.apache.velocity.runtime.log.AvalonLogChute is not available (java.lang.NoClassDefFoundError: org/apache/log/format/Formatter).  Falling back to next log system...
2018-01-20 14:47:22,722 - Trying to use logger class org.apache.velocity.runtime.log.Log4JLogChute
2018-01-20 14:47:22,722 - Using logger class org.apache.velocity.runtime.log.Log4JLogChute
2018-01-20 14:47:22,731 - ResourceLoader instantiated: org.apache.velocity.runtime.resource.loader.ClasspathResourceLoader
2018-01-20 14:47:22,740 - ResourceCache: initialized (class org.apache.velocity.runtime.resource.ResourceCacheImpl) with class java.util.Collections$SynchronizedMap cache map.
2018-01-20 14:47:22,741 - Loaded System Directive: org.apache.velocity.runtime.directive.Stop
2018-01-20 14:47:22,742 - Loaded System Directive: org.apache.velocity.runtime.directive.Define
2018-01-20 14:47:22,743 - Loaded System Directive: org.apache.velocity.runtime.directive.Break
2018-01-20 14:47:22,744 - Loaded System Directive: org.apache.velocity.runtime.directive.Evaluate
2018-01-20 14:47:22,744 - Loaded System Directive: org.apache.velocity.runtime.directive.Literal
2018-01-20 14:47:22,746 - Loaded System Directive: org.apache.velocity.runtime.directive.Macro
2018-01-20 14:47:22,747 - Loaded System Directive: org.apache.velocity.runtime.directive.Parse
2018-01-20 14:47:22,748 - Loaded System Directive: org.apache.velocity.runtime.directive.Include
2018-01-20 14:47:22,749 - Loaded System Directive: org.apache.velocity.runtime.directive.Foreach
2018-01-20 14:47:22,781 - Created '20' parsers.
2018-01-20 14:47:22,790 - Velocimacro : "velocimacro.library" is not set.  Trying default library: VM_global_library.vm
2018-01-20 14:47:22,791 - Could not load resource 'VM_global_library.vm' from ResourceLoader org.apache.velocity.runtime.resource.loader.ClasspathResourceLoader: ClasspathResourceLoader Error: cannot find resource VM_global_library.vm
2018-01-20 14:47:22,791 - Velocimacro : Default library not found.
2018-01-20 14:47:22,791 - Velocimacro : allowInline = true : VMs can be defined inline in templates
2018-01-20 14:47:22,791 - Velocimacro : allowInlineToOverride = false : VMs defined inline may NOT replace previous VM definitions
2018-01-20 14:47:22,791 - Velocimacro : allowInlineLocal = false : VMs defined inline will be global in scope if allowed.
2018-01-20 14:47:22,791 - Velocimacro : autoload off : VM system will not automatically reload global library macros
2018-01-20 14:47:22,825 - ResourceManager : found template/Entity.java.vm with loader org.apache.velocity.runtime.resource.loader.ClasspathResourceLoader
2018-01-20 14:47:22,843 - ResourceManager : found template/Dao.java.vm with loader org.apache.velocity.runtime.resource.loader.ClasspathResourceLoader
2018-01-20 14:47:22,856 - ResourceManager : found template/Dao.xml.vm with loader org.apache.velocity.runtime.resource.loader.ClasspathResourceLoader
2018-01-20 14:47:22,858 - Null reference [template 'template/Dao.xml.vm', line 21, column 26] : ${sidx} cannot be resolved.
2018-01-20 14:47:22,858 - Null reference [template 'template/Dao.xml.vm', line 21, column 34] : ${order} cannot be resolved.
2018-01-20 14:47:22,873 - ResourceManager : found template/Service.java.vm with loader org.apache.velocity.runtime.resource.loader.ClasspathResourceLoader
2018-01-20 14:47:22,877 - ResourceManager : found template/Controller.java.vm with loader org.apache.velocity.runtime.resource.loader.ClasspathResourceLoader
2018-01-20 14:47:22,887 - ResourceManager : found template/list.html.vm with loader org.apache.velocity.runtime.resource.loader.ClasspathResourceLoader
2018-01-20 14:47:22,888 - Null reference [template 'template/list.html.vm', line 52, column 14] : ${request.contextPath} cannot be resolved.
2018-01-20 14:47:22,895 - ResourceManager : found template/list.js.vm with loader org.apache.velocity.runtime.resource.loader.ClasspathResourceLoader
2018-01-20 14:47:22,898 - ResourceManager : found template/menu.sql.vm with loader org.apache.velocity.runtime.resource.loader.ClasspathResourceLoader
